<?xml version="1.0" encoding="UTF-8"?>
<!-- Generated by org.testng.reporters.JUnitXMLReporter -->
<testsuite ignored="0" hostname="IQZNGLDT015" failures="0" tests="11" name="Default test" time="0.077" errors="0" timestamp="2022-01-31T17:13:29 IST">
  <testcase classname="Demo.Pegaloginpage" name="@BeforeTest setup" time="-1.643629409366E9">
    <failure type="org.testng.TestNGException" message="
Parameter &amp;apos;browserName&amp;apos; is required by BeforeTest on method setup but has not been marked @Optional or defined
in C:\Users\rajeev.n.IQZAD\AppData\Local\Temp\testng-eclipse-1305085620\testng-customsuite.xml">
      <![CDATA[org.testng.TestNGException: 
Parameter 'browserName' is required by BeforeTest on method setup but has not been marked @Optional or defined
in C:\Users\rajeev.n.IQZAD\AppData\Local\Temp\testng-eclipse-1305085620\testng-customsuite.xml
at org.testng.internal.Parameters.createParams(Parameters.java:270)
at org.testng.internal.Parameters.createParametersForMethod(Parameters.java:358)
at org.testng.internal.Parameters.createParameters(Parameters.java:700)
at org.testng.internal.Parameters.createConfigurationParameters(Parameters.java:168)
at org.testng.internal.ConfigInvoker.invokeConfigurations(ConfigInvoker.java:302)
at org.testng.TestRunner.invokeTestConfigurations(TestRunner.java:637)
at org.testng.TestRunner.beforeRun(TestRunner.java:627)
at org.testng.TestRunner.run(TestRunner.java:589)
at org.testng.SuiteRunner.runTest(SuiteRunner.java:377)
at org.testng.SuiteRunner.runSequentially(SuiteRunner.java:371)
at org.testng.SuiteRunner.privateRun(SuiteRunner.java:332)
at org.testng.SuiteRunner.run(SuiteRunner.java:276)
at org.testng.SuiteRunnerWorker.runSuite(SuiteRunnerWorker.java:53)
at org.testng.SuiteRunnerWorker.run(SuiteRunnerWorker.java:96)
at org.testng.TestNG.runSuitesSequentially(TestNG.java:1212)
at org.testng.TestNG.runSuitesLocally(TestNG.java:1134)
at org.testng.TestNG.runSuites(TestNG.java:1063)
at org.testng.TestNG.run(TestNG.java:1031)
at org.testng.remote.AbstractRemoteTestNG.run(AbstractRemoteTestNG.java:115)
at org.testng.remote.RemoteTestNG.initAndRun(RemoteTestNG.java:251)
at org.testng.remote.RemoteTestNG.main(RemoteTestNG.java:77)
]]>
    </failure>
  </testcase> <!-- @BeforeTest setup -->
  <testcase classname="Demo.Pegaloginpage" name="@AfterTest finish" time="-1.643629409436E9">
    <skipped/>
  </testcase> <!-- @AfterTest finish -->
  <testcase classname="Demo.Pegaloginpage" name="launch_app" time="0.0">
    <skipped/>
  </testcase> <!-- launch_app -->
  <testcase classname="Demo.Pegaloginpage" name="enter_user" time="0.0">
    <skipped/>
  </testcase> <!-- enter_user -->
  <testcase classname="Demo.Pegaloginpage" name="enter_pswd" time="0.0">
    <skipped/>
  </testcase> <!-- enter_pswd -->
  <testcase classname="Demo.Pegaloginpage" name="clicklogin" time="0.0">
    <skipped/>
  </testcase> <!-- clicklogin -->
  <testcase classname="Demo.Pegaloginpage" name="get_title" time="0.0">
    <skipped/>
  </testcase> <!-- get_title -->
  <testcase classname="Demo.Pegaloginpage" name="Create_individuallead" time="0.0">
    <skipped/>
  </testcase> <!-- Create_individuallead -->
  <testcase classname="Demo.Pegaloginpage" name="newindividualleadmodal" time="0.0">
    <skipped/>
  </testcase> <!-- newindividualleadmodal -->
  <testcase classname="Demo.Pegaloginpage" name="editindividuallead" time="0.0">
    <skipped/>
  </testcase> <!-- editindividuallead -->
  <testcase classname="Demo.Pegaloginpage" name="updateindividuallead" time="0.0">
    <skipped/>
  </testcase> <!-- updateindividuallead -->
  <testcase classname="Demo.Pegaloginpage" name="convertlead" time="0.0">
    <skipped/>
  </testcase> <!-- convertlead -->
  <testcase classname="Demo.Pegaloginpage" name="convertleadmodal" time="0.0">
    <skipped/>
  </testcase> <!-- convertleadmodal -->
</testsuite> <!-- Default test -->
